<?xml version="1.0" encoding="UTF-8"?>
<testsuite xmlns:xsi="http://www.w3.org/2001/XMLSchema-instance" xsi:noNamespaceSchemaLocation="https://maven.apache.org/surefire/maven-surefire-plugin/xsd/surefire-test-report-3.0.xsd" version="3.0" name="AirportTest2" time="0.047" tests="0" errors="0" skipped="0" failures="0">
  <properties>
    <property name="java.specification.version" value="22"/>
    <property name="sun.cpu.isalist" value="amd64"/>
    <property name="sun.jnu.encoding" value="Cp1252"/>
    <property name="java.class.path" value="C:\Users\MSI BRAVOV15C7V\OneDrive\Documents\Kuliah\SEM3\PBO PRAK\mavenproject2\demo\target\test-classes;C:\Users\MSI BRAVOV15C7V\OneDrive\Documents\Kuliah\SEM3\PBO PRAK\mavenproject2\demo\target\classes;C:\Users\MSI BRAVOV15C7V\.m2\repository\org\junit\jupiter\junit-jupiter-engine\5.9.0\junit-jupiter-engine-5.9.0.jar;C:\Users\MSI BRAVOV15C7V\.m2\repository\org\junit\platform\junit-platform-engine\1.9.0\junit-platform-engine-1.9.0.jar;C:\Users\MSI BRAVOV15C7V\.m2\repository\org\apiguardian\apiguardian-api\1.1.2\apiguardian-api-1.1.2.jar;C:\Users\MSI BRAVOV15C7V\.m2\repository\org\junit\jupiter\junit-jupiter-api\5.9.0\junit-jupiter-api-5.9.0.jar;C:\Users\MSI BRAVOV15C7V\.m2\repository\org\opentest4j\opentest4j\1.2.0\opentest4j-1.2.0.jar;C:\Users\MSI BRAVOV15C7V\.m2\repository\org\junit\platform\junit-platform-commons\1.9.0\junit-platform-commons-1.9.0.jar;"/>
    <property name="java.vm.vendor" value="Oracle Corporation"/>
    <property name="sun.arch.data.model" value="64"/>
    <property name="user.variant" value=""/>
    <property name="java.vendor.url" value="https://java.oracle.com/"/>
    <property name="user.timezone" value="Asia/Jakarta"/>
    <property name="os.name" value="Windows 11"/>
    <property name="java.vm.specification.version" value="22"/>
    <property name="user.country" value="ID"/>
    <property name="sun.java.launcher" value="SUN_STANDARD"/>
    <property name="sun.boot.library.path" value="C:\Program Files\Java\jdk-22\bin"/>
    <property name="sun.java.command" value="C:\Users\MSI BRAVOV15C7V\AppData\Local\Temp\surefire11496549483774603523\surefirebooter-20241031204046659_3.jar C:\Users\MSI BRAVOV15C7V\AppData\Local\Temp\surefire11496549483774603523 2024-10-31T20-40-46_520-jvmRun1 surefire-20241031204046659_1tmp surefire_0-20241031204046659_2tmp"/>
    <property name="jdk.debug" value="release"/>
    <property name="test" value="AirportTest2"/>
    <property name="surefire.test.class.path" value="C:\Users\MSI BRAVOV15C7V\OneDrive\Documents\Kuliah\SEM3\PBO PRAK\mavenproject2\demo\target\test-classes;C:\Users\MSI BRAVOV15C7V\OneDrive\Documents\Kuliah\SEM3\PBO PRAK\mavenproject2\demo\target\classes;C:\Users\MSI BRAVOV15C7V\.m2\repository\org\junit\jupiter\junit-jupiter-engine\5.9.0\junit-jupiter-engine-5.9.0.jar;C:\Users\MSI BRAVOV15C7V\.m2\repository\org\junit\platform\junit-platform-engine\1.9.0\junit-platform-engine-1.9.0.jar;C:\Users\MSI BRAVOV15C7V\.m2\repository\org\apiguardian\apiguardian-api\1.1.2\apiguardian-api-1.1.2.jar;C:\Users\MSI BRAVOV15C7V\.m2\repository\org\junit\jupiter\junit-jupiter-api\5.9.0\junit-jupiter-api-5.9.0.jar;C:\Users\MSI BRAVOV15C7V\.m2\repository\org\opentest4j\opentest4j\1.2.0\opentest4j-1.2.0.jar;C:\Users\MSI BRAVOV15C7V\.m2\repository\org\junit\platform\junit-platform-commons\1.9.0\junit-platform-commons-1.9.0.jar;"/>
    <property name="sun.cpu.endian" value="little"/>
    <property name="user.home" value="C:\Users\MSI BRAVOV15C7V"/>
    <property name="user.language" value="en"/>
    <property name="java.specification.vendor" value="Oracle Corporation"/>
    <property name="java.version.date" value="2024-07-16"/>
    <property name="java.home" value="C:\Program Files\Java\jdk-22"/>
    <property name="file.separator" value="\"/>
    <property name="basedir" value="C:\Users\MSI BRAVOV15C7V\OneDrive\Documents\Kuliah\SEM3\PBO PRAK\mavenproject2\demo"/>
    <property name="java.vm.compressedOopsMode" value="Zero based"/>
    <property name="line.separator" value="&#10;"/>
    <property name="java.vm.specification.vendor" value="Oracle Corporation"/>
    <property name="java.specification.name" value="Java Platform API Specification"/>
    <property name="surefire.real.class.path" value="C:\Users\MSI BRAVOV15C7V\AppData\Local\Temp\surefire11496549483774603523\surefirebooter-20241031204046659_3.jar"/>
    <property name="user.script" value=""/>
    <property name="sun.management.compiler" value="HotSpot 64-Bit Tiered Compilers"/>
    <property name="java.runtime.version" value="22.0.2+9-70"/>
    <property name="user.name" value="MSI BRAVOV15C7V"/>
    <property name="stdout.encoding" value="Cp1252"/>
    <property name="path.separator" value=";"/>
    <property name="os.version" value="10.0"/>
    <property name="java.runtime.name" value="Java(TM) SE Runtime Environment"/>
    <property name="file.encoding" value="UTF-8"/>
    <property name="java.vm.name" value="Java HotSpot(TM) 64-Bit Server VM"/>
    <property name="maven.ext.class.path" value="C:\Users\MSI BRAVOV15C7V\.vscode\extensions\oracle.oracle-java-23.0.0\nbcode\java\maven-nblib\netbeans-eventspy.jar"/>
    <property name="localRepository" value="C:\Users\MSI BRAVOV15C7V\.m2\repository"/>
    <property name="java.vendor.url.bug" value="https://bugreport.java.com/bugreport/"/>
    <property name="java.io.tmpdir" value="C:\Users\MSIBRA~1\AppData\Local\Temp\"/>
    <property name="java.version" value="22.0.2"/>
    <property name="user.dir" value="C:\Users\MSI BRAVOV15C7V\OneDrive\Documents\Kuliah\SEM3\PBO PRAK\mavenproject2\demo"/>
    <property name="os.arch" value="amd64"/>
    <property name="java.vm.specification.name" value="Java Virtual Machine Specification"/>
    <property name="sun.os.patch.level" value=""/>
    <property name="native.encoding" value="Cp1252"/>
    <property name="java.library.path" value="C:\Program Files\Java\jdk-22\bin;C:\WINDOWS\Sun\Java\bin;C:\WINDOWS\system32;C:\WINDOWS;C:\Program Files\Common Files\Oracle\Java\javapath;C:\Program Files (x86)\Common Files\Oracle\Java\javapath;c:\Users\MSI BRAVOV15C7V\AppData\Local\Programs\cursor\resources\app\bin;C:\ProgramData\Oracle\Java\javapath;C:\Windows\system32;C:\Windows;C:\Windows\System32\Wbem;C:\Windows\System32\WindowsPowerShell\v1.0\;C:\Windows\System32\OpenSSH\;C:\Program Files (x86)\NVIDIA Corporation\PhysX\Common;C:\Program Files\NVIDIA Corporation\NVIDIA NvDLISR;C:\WINDOWS\system32;C:\WINDOWS;C:\WINDOWS\System32\Wbem;C:\WINDOWS\System32\WindowsPowerShell\v1.0\;C:\WINDOWS\System32\OpenSSH\;C:\Program Files\dotnet\;C:\MinGW\bin;C:\Program Files\Git\cmd;C:\Users\MSI BRAVOV15C7V\AppData\Local\Microsoft\WindowsApps;c:\Users\MSI BRAVOV15C7V\AppData\Local\Programs\cursor\resources\app\bin;c:\Users\MSI BRAVOV15C7V\AppData\Local\Programs\cursor\resources\app\bin;C:\laragon\bin\php\php-8.3.10-Win32-vs16-x64;C:\ProgramData\ComposerSetup\bin;C:\Program Files\nodejs\;C:\Program Files\Cloudflare\Cloudflare WARP\;C:\laragon\bin;C:\laragon\bin\apache\httpd-2.4.62-240718-win64-VS17\bin;C:\laragon\bin\composer;C:\laragon\bin\git\bin;C:\laragon\bin\git\cmd;C:\laragon\bin\git\mingw64\bin;C:\laragon\bin\git\usr\bin;C:\laragon\bin\laragon\utils;C:\laragon\bin\mysql\mysql-8.0.30-winx64\bin;C:\laragon\bin\nginx\nginx-1.22.0;C:\laragon\bin\ngrok;C:\laragon\bin\nodejs\node-v20.17.0-win-x64;C:\laragon\bin\notepad++;C:\laragon\bin\php\php-8.3.10-Win32-vs16-x64;C:\laragon\bin\postgresql\16\bin;C:\laragon\bin\python\python-3.10;C:\laragon\bin\python\python-3.10\Scripts;C:\laragon\bin\redis\redis-x64-5.0.14.1;C:\laragon\bin\telnet;C:\laragon\usr\bin;C:\Users\MSI BRAVOV15C7V\AppData\Local\Yarn\config\global\node_modules\.bin;C:\Users\MSI BRAVOV15C7V\AppData\Roaming\Composer\vendor\bin;C:\Users\MSI BRAVOV15C7V\AppData\Roaming\npm;C:\Users\MSI BRAVOV15C7V\AppData\Local\Programs\Python\Launcher\;C:\Users\MSI BRAVOV15C7V\AppData\Local\Microsoft\WindowsApps;C:\Users\MSI BRAVOV15C7V\AppData\Local\Programs\Microsoft VS Code\bin;C:\Users\MSI BRAVOV15C7V\AppData\Local\Programs\Python\Python312\Scripts;C:\Program Files\PostgreSQL\16\bin;;."/>
    <property name="java.vm.info" value="mixed mode, sharing"/>
    <property name="stderr.encoding" value="Cp1252"/>
    <property name="java.vendor" value="Oracle Corporation"/>
    <property name="java.vm.version" value="22.0.2+9-70"/>
    <property name="sun.io.unicode.encoding" value="UnicodeLittle"/>
    <property name="java.class.version" value="66.0"/>
  </properties>
</testsuite>